Build started 1/15/2016 9:49:07 AM.
     1>Project "c:\Users\Michael\documents\visual studio 2013\Projects\DynamicLibrary\FaceFuncsDll\FaceFuncsDll.vcxproj" on node 2 (Build target(s)).
     1>ClCompile:
         C:\Program Files (x86)\Microsoft Visual Studio 12.0\VC\bin\CL.exe /c /ID:\OpenCV\Build\x86\vc12\include /Zi /nologo /W3 /WX- /sdl /O2 /Oi /Oy- /GL /D WIN32 /D NDEBUG /D _WINDOWS /D _USRDLL /D FACEFUNCSDLL_EXPORTS /D _WINDLL /D _UNICODE /D UNICODE /Gm- /EHsc /MD /GS /Gy /fp:precise /Zc:wchar_t /Zc:forScope /Yu"stdafx.h" /Fp"Release\FaceFuncsDll.pch" /Fo"Release\\" /Fd"Release\vc120.pdb" /Gd /TP /analyze- /errorReport:prompt FaceFuncsDll.cpp
         FaceFuncsDll.cpp
     1>FaceFuncsDll.cpp(1): warning C4627: '#include "FaceFuncsDll.h"': skipped when looking for precompiled header use
                 Add directive to 'stdafx.h' or rebuild precompiled header
     1>FaceFuncsDll.cpp(178): warning C4018: '<' : signed/unsigned mismatch
     1>FaceFuncsDll.cpp(219): warning C4018: '<' : signed/unsigned mismatch
     1>FaceFuncsDll.cpp(314): warning C4018: '<' : signed/unsigned mismatch
     1>FaceFuncsDll.cpp(346): warning C4244: 'argument' : conversion from 'double' to 'int', possible loss of data
       Link:
         C:\Program Files (x86)\Microsoft Visual Studio 12.0\VC\bin\link.exe /ERRORREPORT:PROMPT /OUT:"c:\users\michael\documents\visual studio 2013\Projects\DynamicLibrary\Release\FaceFuncsDll.dll" /INCREMENTAL:NO /NOLOGO /LIBPATH:D:\OpenCV\Build\x86\vc12\x86\vc12\lib opencv_calib3d2411d.lib opencv_contrib2411d.lib opencv_core2411d.lib opencv_features2d2411d.lib opencv_flann2411d.lib opencv_gpu2411d.lib opencv_highgui2411.lib opencv_imgproc2411d.lib opencv_legacy2411d.lib opencv_ml2411d.lib opencv_nonfree2411d.lib opencv_objdetect2411d.lib opencv_photo2411d.lib opencv_stitching2411d.lib opencv_superres2411d.lib opencv_ts2411d.lib opencv_video2411d.lib opencv_videostab2411d.lib kernel32.lib user32.lib gdi32.lib winspool.lib comdlg32.lib advapi32.lib shell32.lib ole32.lib oleaut32.lib uuid.lib odbc32.lib odbccp32.lib /MANIFEST /MANIFESTUAC:"level='asInvoker' uiAccess='false'" /manifest:embed /DEBUG /PDB:"c:\users\michael\documents\visual studio 2013\Projects\DynamicLibrary\Release\FaceFuncsDll.pdb" /SUBSYSTEM:WINDOWS /OPT:REF /OPT:ICF /LTCG /TLBID:1 /DYNAMICBASE /NXCOMPAT /IMPLIB:"c:\users\michael\documents\visual studio 2013\Projects\DynamicLibrary\Release\FaceFuncsDll.lib" /MACHINE:X86 /SAFESEH /DLL Release\dllmain.obj
         Release\FaceFuncsDll.obj
         Release\stdafx.obj
         Generating code
         Finished generating code
         FaceFuncsDll.vcxproj -> c:\users\michael\documents\visual studio 2013\Projects\DynamicLibrary\Release\FaceFuncsDll.dll
     1>Done Building Project "c:\Users\Michael\documents\visual studio 2013\Projects\DynamicLibrary\FaceFuncsDll\FaceFuncsDll.vcxproj" (Build target(s)).

Build succeeded.

Time Elapsed 00:00:01.46
